mode: set
github.com/module_page/controllers/Controller.go:18.56,21.23 2 1
github.com/module_page/controllers/Controller.go:24.2,24.45 1 1
github.com/module_page/controllers/Controller.go:27.2,27.13 1 1
github.com/module_page/controllers/Controller.go:21.23,23.3 1 1
github.com/module_page/controllers/Controller.go:24.45,26.3 1 1
github.com/module_page/controllers/Controller.go:30.59,34.2 1 1
github.com/module_page/controllers/Controller.go:37.71,39.50 2 0
github.com/module_page/controllers/Controller.go:43.2,45.21 2 0
github.com/module_page/controllers/Controller.go:39.50,42.3 2 0
github.com/module_page/controllers/Controller.go:45.21,49.17 2 0
github.com/module_page/controllers/Controller.go:53.3,53.68 1 0
github.com/module_page/controllers/Controller.go:49.17,52.4 2 0
github.com/module_page/controllers/Controller.go:54.8,56.3 1 0
github.com/module_page/controllers/Controller.go:59.68,65.16 5 0
github.com/module_page/controllers/Controller.go:70.2,70.25 1 0
github.com/module_page/controllers/Controller.go:73.2,74.22 2 0
github.com/module_page/controllers/Controller.go:86.2,87.27 2 0
github.com/module_page/controllers/Controller.go:95.2,95.52 1 0
github.com/module_page/controllers/Controller.go:65.16,68.3 2 0
github.com/module_page/controllers/Controller.go:70.25,72.3 1 0
github.com/module_page/controllers/Controller.go:74.22,77.35 3 0
github.com/module_page/controllers/Controller.go:84.3,84.25 1 0
github.com/module_page/controllers/Controller.go:77.35,78.27 1 0
github.com/module_page/controllers/Controller.go:78.27,79.48 1 0
github.com/module_page/controllers/Controller.go:79.48,81.6 1 0
github.com/module_page/controllers/Controller.go:87.27,88.16 1 0
github.com/module_page/controllers/Controller.go:88.16,92.4 3 0
github.com/module_page/controllers/Controller.go:100.31,102.2 1 1
github.com/module_page/controllers/Controller.go:105.68,107.16 2 0
github.com/module_page/controllers/Controller.go:111.2,111.32 1 0
github.com/module_page/controllers/Controller.go:107.16,110.3 2 0
github.com/module_page/controllers/Controller.go:114.70,120.2 4 0
