mode: set
github.com/module_page/controllers/Controller.go:19.59,23.2 1 1
github.com/module_page/controllers/Controller.go:26.31,28.2 1 1
github.com/module_page/controllers/Controller.go:30.71,32.50 2 1
github.com/module_page/controllers/Controller.go:36.2,38.21 2 1
github.com/module_page/controllers/Controller.go:32.50,35.3 2 0
github.com/module_page/controllers/Controller.go:38.21,42.17 2 1
github.com/module_page/controllers/Controller.go:46.3,46.68 1 0
github.com/module_page/controllers/Controller.go:42.17,45.4 2 0
github.com/module_page/controllers/Controller.go:47.8,49.3 1 0
github.com/module_page/controllers/Controller.go:54.68,56.16 2 1
github.com/module_page/controllers/Controller.go:60.2,60.32 1 0
github.com/module_page/controllers/Controller.go:56.16,59.3 2 0
github.com/module_page/controllers/Controller.go:63.56,66.23 2 1
github.com/module_page/controllers/Controller.go:69.2,69.45 1 1
github.com/module_page/controllers/Controller.go:72.2,72.13 1 1
github.com/module_page/controllers/Controller.go:66.23,68.3 1 1
github.com/module_page/controllers/Controller.go:69.45,71.3 1 1
github.com/module_page/controllers/Controller.go:77.68,83.16 4 1
github.com/module_page/controllers/Controller.go:88.2,90.52 2 0
github.com/module_page/controllers/Controller.go:83.16,86.3 2 0
github.com/module_page/controllers/Controller.go:93.78,95.26 2 1
github.com/module_page/controllers/Controller.go:98.2,99.22 2 1
github.com/module_page/controllers/Controller.go:111.2,112.27 2 1
github.com/module_page/controllers/Controller.go:119.2,120.12 2 1
github.com/module_page/controllers/Controller.go:95.26,97.3 1 1
github.com/module_page/controllers/Controller.go:99.22,102.35 3 1
github.com/module_page/controllers/Controller.go:109.3,109.25 1 1
github.com/module_page/controllers/Controller.go:102.35,103.27 1 1
github.com/module_page/controllers/Controller.go:103.27,104.48 1 1
github.com/module_page/controllers/Controller.go:104.48,106.6 1 1
github.com/module_page/controllers/Controller.go:112.27,113.16 1 1
github.com/module_page/controllers/Controller.go:113.16,117.4 3 1
github.com/module_page/controllers/Controller.go:123.70,129.2 4 0
