mode: set
github.com/module_page/controllers/Controller.go:18.59,22.2 1 1
github.com/module_page/controllers/Controller.go:25.31,27.2 1 1
github.com/module_page/controllers/Controller.go:29.71,31.50 2 0
github.com/module_page/controllers/Controller.go:35.2,37.21 2 0
github.com/module_page/controllers/Controller.go:31.50,34.3 2 0
github.com/module_page/controllers/Controller.go:37.21,41.17 2 0
github.com/module_page/controllers/Controller.go:45.3,45.68 1 0
github.com/module_page/controllers/Controller.go:41.17,44.4 2 0
github.com/module_page/controllers/Controller.go:46.8,48.3 1 0
github.com/module_page/controllers/Controller.go:53.68,55.16 2 0
github.com/module_page/controllers/Controller.go:59.2,59.32 1 0
github.com/module_page/controllers/Controller.go:55.16,58.3 2 0
github.com/module_page/controllers/Controller.go:62.56,65.23 2 1
github.com/module_page/controllers/Controller.go:68.2,68.45 1 1
github.com/module_page/controllers/Controller.go:71.2,71.13 1 1
github.com/module_page/controllers/Controller.go:65.23,67.3 1 1
github.com/module_page/controllers/Controller.go:68.45,70.3 1 1
github.com/module_page/controllers/Controller.go:76.68,82.16 5 0
github.com/module_page/controllers/Controller.go:87.2,87.25 1 0
github.com/module_page/controllers/Controller.go:90.2,91.22 2 0
github.com/module_page/controllers/Controller.go:103.2,104.27 2 0
github.com/module_page/controllers/Controller.go:112.2,112.52 1 0
github.com/module_page/controllers/Controller.go:82.16,85.3 2 0
github.com/module_page/controllers/Controller.go:87.25,89.3 1 0
github.com/module_page/controllers/Controller.go:91.22,94.35 3 0
github.com/module_page/controllers/Controller.go:101.3,101.25 1 0
github.com/module_page/controllers/Controller.go:94.35,95.27 1 0
github.com/module_page/controllers/Controller.go:95.27,96.48 1 0
github.com/module_page/controllers/Controller.go:96.48,98.6 1 0
github.com/module_page/controllers/Controller.go:104.27,105.16 1 0
github.com/module_page/controllers/Controller.go:105.16,109.4 3 0
github.com/module_page/controllers/Controller.go:116.70,122.2 4 0
